<?xml version="1.0" encoding="UTF-8"?>
<!-- Generated by org.testng.reporters.JUnitReportReporter -->
<testsuite hostname="Govardhan-PC" name="com.gktech.sellcars.LocateDealer" tests="4" failures="4" timestamp="7 Mar 2016 14:35:59 GMT" time="0.001" errors="0">
  <testcase name="locateDealer" time="0.000" classname="com.gktech.sellcars.LocateDealer"/>
  <testcase name="locateDealer" time="0.001" classname="com.gktech.sellcars.LocateDealer"/>
  <testcase name="locateDealer" time="0.000" classname="com.gktech.sellcars.LocateDealer"/>
  <testcase name="locateDealer" time="0.000" classname="com.gktech.sellcars.LocateDealer"/>
</testsuite> <!-- com.gktech.sellcars.LocateDealer -->
